[13Jul2025 16:18:56.763] [main/INFO] [cpw.mods.modlauncher.Launcher/MODLAUNCHER]: ModLauncher running: args [--launchTarget, forgeserver, --fml.forgeVersion, 47.3.7, --fml.mcVersion, 1.20.1, --fml.forgeGroup, net.minecraftforge, --fml.mcpVersion, 20230612.114412, nogui]
[13Jul2025 16:18:56.767] [main/INFO] [cpw.mods.modlauncher.Launcher/MODLAUNCHER]: ModLauncher 10.0.9+10.0.9+main.dcd20f30 starting: java version 17.0.15 by Ubuntu; OS Linux arch amd64 version 6.8.0-1027-azure
[13Jul2025 16:18:57.730] [main/INFO] [net.minecraftforge.fml.loading.ImmediateWindowHandler/]: ImmediateWindowProvider not loading because launch target is forgeserver
[13Jul2025 16:18:57.788] [main/INFO] [mixin/]: SpongePowered MIXIN Subsystem Version=0.8.5 Source=union:/workspaces/servidor1/servidor_minecraft/libraries/org/spongepowered/mixin/0.8.5/mixin-0.8.5.jar%2365!/ Service=ModLauncher Env=SERVER
[13Jul2025 16:18:58.243] [main/WARN] [net.minecraftforge.fml.loading.moddiscovery.ModFileParser/LOADING]: Mod file /workspaces/servidor1/servidor_minecraft/libraries/net/minecraftforge/fmlcore/1.20.1-47.3.7/fmlcore-1.20.1-47.3.7.jar is missing mods.toml file
[13Jul2025 16:18:58.244] [main/WARN] [net.minecraftforge.fml.loading.moddiscovery.ModFileParser/LOADING]: Mod file /workspaces/servidor1/servidor_minecraft/libraries/net/minecraftforge/javafmllanguage/1.20.1-47.3.7/javafmllanguage-1.20.1-47.3.7.jar is missing mods.toml file
[13Jul2025 16:18:58.245] [main/WARN] [net.minecraftforge.fml.loading.moddiscovery.ModFileParser/LOADING]: Mod file /workspaces/servidor1/servidor_minecraft/libraries/net/minecraftforge/lowcodelanguage/1.20.1-47.3.7/lowcodelanguage-1.20.1-47.3.7.jar is missing mods.toml file
[13Jul2025 16:18:58.246] [main/WARN] [net.minecraftforge.fml.loading.moddiscovery.ModFileParser/LOADING]: Mod file /workspaces/servidor1/servidor_minecraft/libraries/net/minecraftforge/mclanguage/1.20.1-47.3.7/mclanguage-1.20.1-47.3.7.jar is missing mods.toml file
[13Jul2025 16:18:58.596] [main/WARN] [net.minecraftforge.jarjar.selection.JarSelector/]: Attempted to select two dependency jars from JarJar which have the same identification: Mod File:  and Mod File: . Using Mod File: 
[13Jul2025 16:18:58.597] [main/INFO] [net.minecraftforge.fml.loading.moddiscovery.JarInJarDependencyLocator/]: Found 17 dependencies adding them to mods collection
[13Jul2025 16:19:02.062] [main/ERROR] [mixin/]: Mixin config dynamiclightsreforged.mixins.json does not specify "minVersion" property
[13Jul2025 16:19:02.073] [main/INFO] [mixin/]: Compatibility level set to JAVA_17
[13Jul2025 16:19:02.471] [main/INFO] [mixin/]: Successfully loaded Mixin Connector [com.sonicether.soundphysics.MixinConnector]
[13Jul2025 16:19:02.474] [main/INFO] [cpw.mods.modlauncher.LaunchServiceHandler/MODLAUNCHER]: Launching target 'forgeserver' with arguments [nogui]
[13Jul2025 16:19:02.491] [main/WARN] [mixin/]: Reference map 'createdeco-common-refmap.json' for createdeco-common.mixins.json could not be read. If this is a development environment you can ignore this message
[13Jul2025 16:19:02.493] [main/WARN] [mixin/]: Reference map 'createdeco-forge-refmap.json' for createdeco.mixins.json could not be read. If this is a development environment you can ignore this message
[13Jul2025 16:19:02.629] [main/INFO] [Embeddium/]: Loaded configuration file for Embeddium: 168 options available, 0 override(s) found
[13Jul2025 16:19:02.657] [main/WARN] [mixin/]: Reference map 'CreateLiquidFuel.refmap.json' for createliquidfuel.mixins.json could not be read. If this is a development environment you can ignore this message
[13Jul2025 16:19:02.768] [main/WARN] [mixin/]: Reference map 'immersive_paintings-common-refmap.json' for immersive_paintings.mixin.json could not be read. If this is a development environment you can ignore this message
[13Jul2025 16:19:02.795] [main/INFO] [Canary/]: Loaded configuration file for Canary: 116 options available, 0 override(s) found
[13Jul2025 16:19:02.909] [main/INFO] [Puzzles Lib/]: Loading 125 mods:
	- alexsmobs 1.22.8
	- appleskin 2.5.1+mc1.20.1
	- architectury 9.2.14
	- athena 3.1.2
	- attributefix 21.0.4
	- badmobs 19.0.2
	- balm 7.2.2
	- betteranimationscollection 8.0.0
	- bettervillage 3.1.0
	- bobberdetector 0.1.9.1.20.1
	- bookshelf 20.1.9
	- bountiful 6.0.3+1.20.1
	- callablehorses 1.3.0.1
	- canary 0.3.3
	- chipped 3.0.4
	- chunkloaders 1.2.8a
	- chunksending 1.20.1-2.8
	- citadel 2.5.4
	- clientcrafting 1.20.1-1.8
	- cloth_config 11.1.118
	- clumps 12.0.0.3
	- collective 7.40
	- comforts 6.3.5+1.20.1
	- connectivity 1.20.1-5.4
	- constructionwand 1.20.1-2.11
	- controlling 12.0.2
	- corpse 1.20.1-1.0.12
	- cosmeticarmorreworked 1.20.1-v1a
	- craftingtweaks 18.2.3
	- create 0.5.1.f
	- create_central_kitchen 1.3.10
	- create_confectionery 1.1.0
	- create_crush_everything 1.0.2
	- create_dragon_lib 1.3.3
	- create_enchantment_industry 1.2.8
	- create_power_loader 1.4.0-mc1.20.1
	- create_recipes 1.0.0
	- create_sa 2.0.4.
	- createchunkloading 1.6.0
	- createdeco 2.0.1-1.20.1-forge
	- createliquidfuel 2.1.0-1.20.1
	- cupboard 1.20.1-2.6
	- curios 5.7.2+1.20.1
	- deuf 1.20.1-1.3
	- dynamiclightsreforged 1.20.1_v1.6.0
	- effecttooltips 9.0.2
	- embeddium 0.3.9+mc1.20.1
	- enchdesc 17.0.14
	- entityculling 1.6.2
	- farmersdelight 1.20.1-1.2.4
	- fastleafdecay 31
	- ferritecore 6.0.1
	- flywheel 0.6.10-7
	- foodeffecttooltips 1.0.0
	- forge 47.3.7
	- framedblocks 9.2.1
	- ftbchunks 2001.2.6
	- ftblibrary 2001.1.5
	- ftbquests 2001.3.4
	- ftbranks 2001.1.3
	- ftbteams 2001.2.0
	- ftbxmodcompat 2.1.0
	- fullstackwatchdog 1.0.1+1.19.2-forge
	- fusion 1.1.1
	- gamemenumodoption 2.2.1
	- gjeb 1.3.0.32
	- gpumemleakfix 1.20.1-1.8
	- guardvillagers 1.20.1-1.6.4
	- immediatelyfast 1.2.10+1.20.4
	- immersive_paintings 0.6.7+1.20.1
	- inventorysorter 23.0.1
	- itemfilters 2001.1.0-build.59
	- jade 11.7.1
	- jadeaddons 5.2.2
	- jei 15.3.0.4
	- jeresources 1.4.0.247
	- justenoughprofessions 3.0.1
	- kambrik 6.1.1+1.20.1
	- konkrete 1.8.0
	- kotlinforforge 4.10.0
	- krypton 0.2.3
	- leaky 1.20.1-1.7
	- letmedespawn 1.2.0
	- libraryferret 4.0.0
	- lootr 0.7.32.79
	- mcef 2.1.4-1.20.1
	- mcwbridges 2.1.1
	- mcwdoors 1.1.0
	- mcwfences 1.1.1
	- mcwtrpdoors 1.1.2
	- minecraft 1.20.1
	- mixinextras 0.3.5
	- mixinsquared 0.1.1
	- mousetweaks 2.25
	- naturescompass 1.20.1-1.11.2-forge
	- neruina 1.3.0
	- polymorph 0.49.2+1.20.1
	- puzzlesaccessapi 8.0.7
	- puzzlesapi 8.1.4
	- puzzleslib 8.1.17
	- railways 1.5.3+forge-mc1.20.1
	- rechiseled 1.1.5c
	- rechiseledcreate 1.0.2
	- recipeessentials 1.20.1-3.2
	- redirector 1.20.1-4.4.0
	- reeses_sodium_options 1.0.4
	- resourcefullib 2.1.23
	- rubidium 0.7.1
	- searchables 1.0.2
	- sliceanddice 3.2.0
	- sophisticatedbackpacks 3.20.3.1029
	- sophisticatedcore 0.6.9.569
	- sound_physics_remastered 1.20.1-1.1.2
	- spectrelib 0.13.15+1.20.1
	- storagedrawers 12.0.3
	- strawstatues 8.0.2
	- structureessentials 1.20.1-3.3
	- supermartijn642configlib 1.1.8
	- supermartijn642corelib 1.1.17
	- textrues_embeddium_options 0.1.5+mc1.20.1
	- torchmaster 20.1.5
	- villagernames 7.3
	- waystones 14.1.3
	- xaerominimap 23.9.7
	- xaeroworldmap 1.37.8
[13Jul2025 16:19:02.968] [main/WARN] [com.cupboard.Cupboard/]: Config recipeessentials.json not found, recreating default
[13Jul2025 16:19:02.970] [main/INFO] [com.cupboard.Cupboard/]: Loaded config for: recipeessentials.json
[13Jul2025 16:19:03.111] [main/WARN] [com.cupboard.Cupboard/]: Config structureessentials.json not found, recreating default
[13Jul2025 16:19:03.113] [main/INFO] [com.cupboard.Cupboard/]: Loaded config for: structureessentials.json
[13Jul2025 16:19:04.041] [main/WARN] [mixin/]: Error loading class: de/maxhenkel/voicechat/plugins/impl/audiochannel/EntityAudioChannelImpl (java.lang.ClassNotFoundException: de.maxhenkel.voicechat.plugins.impl.audiochannel.EntityAudioChannelImpl)
[13Jul2025 16:19:04.042] [main/WARN] [mixin/]: @Mixin target de.maxhenkel.voicechat.plugins.impl.audiochannel.EntityAudioChannelImpl was not found railways-common.mixins.json:compat.voicechat.EntityAudioChannelImplMixin
[13Jul2025 16:19:04.044] [main/WARN] [mixin/]: Error loading class: de/maxhenkel/voicechat/voice/server/Server (java.lang.ClassNotFoundException: de.maxhenkel.voicechat.voice.server.Server)
[13Jul2025 16:19:04.045] [main/WARN] [mixin/]: @Mixin target de.maxhenkel.voicechat.voice.server.Server was not found railways-common.mixins.json:compat.voicechat.ServerMixin
[13Jul2025 16:19:04.047] [main/WARN] [mixin/]: Error loading class: de/maxhenkel/voicechat/voice/server/ServerWorldUtils (java.lang.ClassNotFoundException: de.maxhenkel.voicechat.voice.server.ServerWorldUtils)
[13Jul2025 16:19:04.048] [main/WARN] [mixin/]: @Mixin target de.maxhenkel.voicechat.voice.server.ServerWorldUtils was not found railways-common.mixins.json:compat.voicechat.ServerWorldUtilsMixin
[13Jul2025 16:19:04.399] [main/WARN] [mixin/]: Error loading class: dev/latvian/mods/kubejs/recipe/RecipesEventJS (java.lang.ClassNotFoundException: dev.latvian.mods.kubejs.recipe.RecipesEventJS)
[13Jul2025 16:19:04.400] [main/WARN] [mixin/]: @Mixin target dev.latvian.mods.kubejs.recipe.RecipesEventJS was not found sliceanddice.mixins.json:RecipeEventJSMixin
[13Jul2025 16:19:05.097] [main/WARN] [mixin/]: Error loading class: com/mojang/blaze3d/audio/Channel (java.lang.ClassNotFoundException: com.mojang.blaze3d.audio.Channel)
[13Jul2025 16:19:05.098] [main/WARN] [mixin/]: @Mixin target com.mojang.blaze3d.audio.Channel was not found assets/sound_physics_remastered/sound_physics_remastered.mixins.json:ChannelAccessor
[13Jul2025 16:19:05.126] [main/WARN] [mixin/]: Error loading class: earth/terrarium/botarium/forge/BotariumForge (java.lang.ClassNotFoundException: earth.terrarium.botarium.forge.BotariumForge)
[13Jul2025 16:19:05.127] [main/WARN] [mixin/]: @Mixin target earth.terrarium.botarium.forge.BotariumForge was not found create_central_kitchen.mixins.json:common.botarium.BotariumForgeMixin
[13Jul2025 16:19:05.129] [main/WARN] [mixin/]: Error loading class: dan200/computercraft/shared/integration/MoreRedIntegration (java.lang.ClassNotFoundException: dan200.computercraft.shared.integration.MoreRedIntegration)
[13Jul2025 16:19:05.130] [main/WARN] [mixin/]: @Mixin target dan200.computercraft.shared.integration.MoreRedIntegration was not found create_central_kitchen.mixins.json:common.computercraft.MoreRedIntegrationMixin
[13Jul2025 16:19:05.205] [main/WARN] [mixin/]: Error loading class: com/sammy/minersdelight/content/block/copper_pot/CopperPotBlockEntity (java.lang.ClassNotFoundException: com.sammy.minersdelight.content.block.copper_pot.CopperPotBlockEntity)
[13Jul2025 16:19:05.206] [main/WARN] [mixin/]: @Mixin target com.sammy.minersdelight.content.block.copper_pot.CopperPotBlockEntity was not found create_central_kitchen.mixins.json:common.minersdelight.CopperPotBlockEntityMixin
[13Jul2025 16:19:05.210] [main/WARN] [mixin/]: Error loading class: com/sammy/minersdelight/content/block/sticky_basket/StickyBasketBlockEntity (java.lang.ClassNotFoundException: com.sammy.minersdelight.content.block.sticky_basket.StickyBasketBlockEntity)
[13Jul2025 16:19:05.211] [main/WARN] [mixin/]: @Mixin target com.sammy.minersdelight.content.block.sticky_basket.StickyBasketBlockEntity was not found create_central_kitchen.mixins.json:common.minersdelight.StickyBasketBlockEntityAccessor
[13Jul2025 16:19:05.213] [main/WARN] [mixin/]: Error loading class: com/sammy/minersdelight/content/block/sticky_basket/StickyBasketBlockEntity (java.lang.ClassNotFoundException: com.sammy.minersdelight.content.block.sticky_basket.StickyBasketBlockEntity)
[13Jul2025 16:19:05.214] [main/WARN] [mixin/]: @Mixin target com.sammy.minersdelight.content.block.sticky_basket.StickyBasketBlockEntity was not found create_central_kitchen.mixins.json:common.minersdelight.StickyBasketBlockEntityMixin
[13Jul2025 16:19:05.219] [main/WARN] [mixin/]: Error loading class: net/orcinus/overweightfarming/blocks/CropFullBlock (java.lang.ClassNotFoundException: net.orcinus.overweightfarming.blocks.CropFullBlock)
[13Jul2025 16:19:05.219] [main/WARN] [mixin/]: @Mixin target net.orcinus.overweightfarming.blocks.CropFullBlock was not found create_central_kitchen.mixins.json:common.overweightfarming.CropFullBlockMixin
[13Jul2025 16:19:05.419] [main/INFO] [MixinExtras|Service/]: Initializing MixinExtras via com.llamalad7.mixinextras.service.MixinExtrasServiceImpl(version=0.3.5).
[13Jul2025 16:19:07.181] [main/WARN] [mixin/]: @Redirect conflict. Skipping redirector.mixins.json:net.minecraft.world.level.block.piston.PistonBaseBlockMixin->@Redirect::redirectDirections()[Lnet/minecraft/core/Direction; with priority 10, already redirected by canary.mixins.json:alloc.enum_values.piston_block.PistonBaseBlockMixin->@Redirect::removeAllocation()[Lnet/minecraft/core/Direction; with priority 1000
[13Jul2025 16:19:07.181] [main/WARN] [mixin/]: @Redirect conflict. Skipping redirector.mixins.json:net.minecraft.world.level.block.piston.PistonBaseBlockMixin->@Redirect::redirectDirections()[Lnet/minecraft/core/Direction; with priority 10, already redirected by canary.mixins.json:alloc.enum_values.piston_block.PistonBaseBlockMixin->@Redirect::removeAllocation()[Lnet/minecraft/core/Direction; with priority 1000
[13Jul2025 16:19:07.214] [main/WARN] [mixin/]: @Redirect conflict. Skipping redirector.mixins.json:net.minecraft.world.level.block.RedStoneWireBlockMixin->@Redirect::redirectDirections()[Lnet/minecraft/core/Direction; with priority 10, already redirected by canary.mixins.json:alloc.enum_values.redstone_wire.RedStoneWireBlockMixin->@Redirect::removeAllocation1()[Lnet/minecraft/core/Direction; with priority 1000
[13Jul2025 16:19:07.214] [main/WARN] [mixin/]: @Redirect conflict. Skipping redirector.mixins.json:net.minecraft.world.level.block.RedStoneWireBlockMixin->@Redirect::redirectDirections()[Lnet/minecraft/core/Direction; with priority 10, already redirected by canary.mixins.json:alloc.enum_values.redstone_wire.RedStoneWireBlockMixin->@Redirect::removeAllocation2()[Lnet/minecraft/core/Direction; with priority 1000
[13Jul2025 16:19:09.662] [main/WARN] [mixin/]: @Final field f_26027_:Lnet/minecraft/world/entity/ai/targeting/TargetingConditions; in guardvillagers.mixins.json:DefendVillageGoalGolemMixin should be final
